-------------------------------------------------------------------------------
Test set: TestSuite
-------------------------------------------------------------------------------
Tests run: 12, Failures: 1, Errors: 0, Skipped: 11, Time elapsed: 4,457.664 sec <<< FAILURE!
Capabilities_Launch(com.twc.AD_TestSuite.Smoke_Test)  Time elapsed: 0 sec  <<< FAILURE!
org.openqa.selenium.SessionNotCreatedException: A new session could not be created. (Original error: Bad app: /Users/monocept/Documents/workspace_luna/com.twc.androidLogcat/APKFile1/Show. App paths need to be absolute, or relative to the appium server install dir, or a URL to compressed file, or a special app name. cause: Error: Using local app, but didn't end in .zip, .ipa or .apk) (WARNING: The server did not provide any stacktrace information)
Command duration or timeout: 100 milliseconds
Build info: version: '2.51.0', revision: '1af067dbcaedd7d2ab9af5151fc471d363d97193', time: '2016-02-05 11:20:57'
System info: host: 'ravis-MacBook-Pro.local', ip: '172.16.0.3', os.name: 'Mac OS X', os.arch: 'x86_64', os.version: '10.11', java.version: '1.8.0_60'
Driver info: io.appium.java_client.android.AndroidDriver
	at sun.reflect.NativeConstructorAccessorImpl.newInstance0(Native Method)
	at sun.reflect.NativeConstructorAccessorImpl.newInstance(NativeConstructorAccessorImpl.java:62)
	at sun.reflect.DelegatingConstructorAccessorImpl.newInstance(DelegatingConstructorAccessorImpl.java:45)
	at java.lang.reflect.Constructor.newInstance(Constructor.java:422)
	at org.openqa.selenium.remote.ErrorHandler.createThrowable(ErrorHandler.java:206)
	at org.openqa.selenium.remote.ErrorHandler.throwIfResponseFailed(ErrorHandler.java:158)
	at org.openqa.selenium.remote.RemoteWebDriver.execute(RemoteWebDriver.java:678)
	at io.appium.java_client.DefaultGenericMobileDriver.execute(DefaultGenericMobileDriver.java:42)
	at io.appium.java_client.AppiumDriver.execute(AppiumDriver.java:1)
	at io.appium.java_client.android.AndroidDriver.execute(AndroidDriver.java:1)
	at org.openqa.selenium.remote.RemoteWebDriver.startSession(RemoteWebDriver.java:249)
	at org.openqa.selenium.remote.RemoteWebDriver.<init>(RemoteWebDriver.java:131)
	at org.openqa.selenium.remote.RemoteWebDriver.<init>(RemoteWebDriver.java:144)
	at io.appium.java_client.DefaultGenericMobileDriver.<init>(DefaultGenericMobileDriver.java:37)
	at io.appium.java_client.AppiumDriver.<init>(AppiumDriver.java:160)
	at io.appium.java_client.AppiumDriver.<init>(AppiumDriver.java:168)
	at io.appium.java_client.android.AndroidDriver.<init>(AndroidDriver.java:69)
	at com.twc.AppiumAutoStart.Capabilities_android.dcap(Capabilities_android.java:82)
	at com.twc.AD_TestSuite.Smoke_Test.Capabilities_Launch(Smoke_Test.java:272)

