<?xml version="1.0" encoding="UTF-8" ?>
<testsuite tests="12" failures="1" name="TestSuite" time="4,457.639" errors="0" skipped="11">
  <properties>
[...]
</properties>
  <testcase classname="com.twc.AD_TestSuite.Smoke_Test" name="Capabilities_Launch" time="0">
    <failure message="A new session could not be created. (Original error: Bad app: /Users/monocept/Documents/workspace_luna/com.twc.androidLogcat/APKFile1/Show. App paths need to be absolute, or relative to the appium server install dir, or a URL to compressed file, or a special app name. cause: Error: Using local app, but didn&apos;t end in .zip, .ipa or .apk) (WARNING: The server did not provide any stacktrace information)
Command duration or timeout: 100 milliseconds
Build info: version: &apos;2.51.0&apos;, revision: &apos;1af067dbcaedd7d2ab9af5151fc471d363d97193&apos;, time: &apos;2016-02-05 11:20:57&apos;
System info: host: &apos;ravis-MacBook-Pro.local&apos;, ip: &apos;172.16.0.3&apos;, os.name: &apos;Mac OS X&apos;, os.arch: &apos;x86_64&apos;, os.version: &apos;10.11&apos;, java.version: &apos;1.8.0_60&apos;
Driver info: io.appium.java_client.android.AndroidDriver" type="org.openqa.selenium.SessionNotCreatedException">org.openqa.selenium.SessionNotCreatedException: A new session could not be created. (Original error: Bad app: /Users/monocept/Documents/workspace_luna/com.twc.androidLogcat/APKFile1/Show. App paths need to be absolute, or relative to the appium server install dir, or a URL to compressed file, or a special app name. cause: Error: Using local app, but didn&apos;t end in .zip, .ipa or .apk) (WARNING: The server did not provide any stacktrace information)
Command duration or timeout: 100 milliseconds
Build info: version: &apos;2.51.0&apos;, revision: &apos;1af067dbcaedd7d2ab9af5151fc471d363d97193&apos;, time: &apos;2016-02-05 11:20:57&apos;
System info: host: &apos;ravis-MacBook-Pro.local&apos;, ip: &apos;172.16.0.3&apos;, os.name: &apos;Mac OS X&apos;, os.arch: &apos;x86_64&apos;, os.version: &apos;10.11&apos;, java.version: &apos;1.8.0_60&apos;
Driver info: io.appium.java_client.android.AndroidDriver
	at sun.reflect.NativeConstructorAccessorImpl.newInstance0(Native Method)
	at sun.reflect.NativeConstructorAccessorImpl.newInstance(NativeConstructorAccessorImpl.java:62)
	at sun.reflect.DelegatingConstructorAccessorImpl.newInstance(DelegatingConstructorAccessorImpl.java:45)
	at java.lang.reflect.Constructor.newInstance(Constructor.java:422)
	at org.openqa.selenium.remote.ErrorHandler.createThrowable(ErrorHandler.java:206)
	at org.openqa.selenium.remote.ErrorHandler.throwIfResponseFailed(ErrorHandler.java:158)
	at org.openqa.selenium.remote.RemoteWebDriver.execute(RemoteWebDriver.java:678)
	at io.appium.java_client.DefaultGenericMobileDriver.execute(DefaultGenericMobileDriver.java:42)
	at io.appium.java_client.AppiumDriver.execute(AppiumDriver.java:1)
	at io.appium.java_client.android.AndroidDriver.execute(AndroidDriver.java:1)
	at org.openqa.selenium.remote.RemoteWebDriver.startSession(RemoteWebDriver.java:249)
	at org.openqa.selenium.remote.RemoteWebDriver.&lt;init&gt;(RemoteWebDriver.java:131)
	at org.openqa.selenium.remote.RemoteWebDriver.&lt;init&gt;(RemoteWebDriver.java:144)
	at io.appium.java_client.DefaultGenericMobileDriver.&lt;init&gt;(DefaultGenericMobileDriver.java:37)
	at io.appium.java_client.AppiumDriver.&lt;init&gt;(AppiumDriver.java:160)
	at io.appium.java_client.AppiumDriver.&lt;init&gt;(AppiumDriver.java:168)
	at io.appium.java_client.android.AndroidDriver.&lt;init&gt;(AndroidDriver.java:69)
	at com.twc.AppiumAutoStart.Capabilities_android.dcap(Capabilities_android.java:82)
	at com.twc.AD_TestSuite.Smoke_Test.Capabilities_Launch(Smoke_Test.java:272)
</failure>
    <system-out>downloadPath is : /Users/monocept/Documents/workspace_luna/com.twc.androidLogcat/APKFile1/
Specified folder is exist and deleting the same folder
Deleted all the files in the specified folder
Logged-in into HockeyApp
Apps text :: Apps
platforms text :: Android
Selected Android in the Platforms Dropdown
Platform selected is : Android
expectedToClick is : Android Flagship Dev
Flag :: Android Flagship Dev
Version of the build is :: 6.4.0 (640001160)
Present Build version : 640001160
Old_Build version : 640001160
No need to Download the Alpha - Build, becoz Old Build only exists.
Build Number is Show
appPath - 1 /Users/monocept/Documents/workspace_luna/com.twc.androidLogcat/APKFile1/TWC_640001160_googleRelease.apk
appPath - 2 /Users/monocept/Documents/workspace_luna/com.twc.androidLogcat/APKFile1/
appPath - 3 /Users/monocept/Documents/workspace_luna/com.twc.androidLogcat/APKFile1/Show
Stopping the ADB server
ADB Server is stopped
===================================
Uninstall the APP and Install
===================================
Stopping the appium server
Appium server is stopped
Starting the appium server
Appium server is started and running
Install the app
</system-out>
    <system-err>&amp;#27;[31merror&amp;#27;[39m: Using local app, but didn&apos;t end in .zip, .ipa or .apk
&amp;#27;[31merror&amp;#27;[39m: Failed to start an Appium session, err was: Error: Bad app: /Users/monocept/Documents/workspace_luna/com.twc.androidLogcat/APKFile1/Show. App paths need to be absolute, or relative to the appium server install dir, or a URL to compressed file, or a special app name. cause: Error: Using local app, but didn&apos;t end in .zip, .ipa or .apk
</system-err>
  </testcase>
  <testcase classname="com.twc.AD_TestSuite.Smoke_Test" name="getBuildVersion" time="0.033">
    <skipped/>
  </testcase>
  <testcase classname="com.twc.AD_TestSuite.Smoke_Test" name="AD_C333179_Verify_AdCall_On_PulltoRefresh" time="0.01">
    <skipped/>
  </testcase>
  <testcase classname="com.twc.AD_TestSuite.Smoke_Test" name="AD_C333174_FactualCall_On_FreshLaunch_RE" time="0.001">
    <skipped/>
  </testcase>
  <testcase classname="com.twc.AD_TestSuite.Smoke_Test" name="AD_C333173_Verify_WeatherFX_ApiCall_On_FreshLaunch_RE" time="0.001">
    <skipped/>
  </testcase>
  <testcase classname="com.twc.AD_TestSuite.Smoke_Test" name="AD_C333182_LotameAdTargeting_On_AppLaunch" time="0.001">
    <skipped/>
  </testcase>
  <testcase classname="com.twc.AD_TestSuite.Smoke_Test" name="AD_C333175_Verify_Ad_Present_On_HourlyExtended_page" time="0.001">
    <skipped/>
  </testcase>
  <testcase classname="com.twc.AD_TestSuite.Smoke_Test" name="AD_C333180_Verify_Ad_Present_On_DailyExtended_page" time="0">
    <skipped/>
  </testcase>
  <testcase classname="com.twc.AD_TestSuite.Smoke_Test" name="AD_C333176_Verify_Ad_Present_On_MapsExtended_page" time="0.001">
    <skipped/>
  </testcase>
  <testcase classname="com.twc.AD_TestSuite.Smoke_Test" name="AD_C333177_Verify_Ad_Present_On_NewsExtended_page" time="0.001">
    <skipped/>
  </testcase>
  <testcase classname="com.twc.AD_TestSuite.Smoke_Test" name="AD_C333172_Verify_AdCalls_On_CleanLaunch" time="0.001">
    <skipped/>
  </testcase>
  <testcase classname="com.twc.AD_TestSuite.Smoke_Test" name="movefiles" time="0.032">
    <skipped/>
  </testcase>
</testsuite>