<?xml version="1.0" encoding="UTF-8"?>
<testng-results skipped="9" failed="0" total="9" passed="0">
  <reporter-output>
  </reporter-output>
  <suite name="TWC_Android_SmokeTest_Suite" duration-ms="4457005" started-at="2016-02-22T15:46:02Z" finished-at="2016-02-22T17:00:19Z">
    <groups>
    </groups>
    <test name="Android_SmokeTest" duration-ms="4457005" started-at="2016-02-22T15:46:02Z" finished-at="2016-02-22T17:00:19Z">
      <class name="com.twc.AD_TestSuite.Smoke_Test">
        <test-method status="FAIL" signature="Capabilities_Launch()[pri:0, instance:com.twc.AD_TestSuite.Smoke_Test@5ebec15]" name="Capabilities_Launch" is-config="true" duration-ms="0" started-at="2016-02-22T21:16:02Z" finished-at="2016-02-22T21:16:02Z">
          <exception class="org.openqa.selenium.SessionNotCreatedException">
            <message>
              <![CDATA[A new session could not be created. (Original error: Bad app: /Users/monocept/Documents/workspace_luna/com.twc.androidLogcat/APKFile1/Show. App paths need to be absolute, or relative to the appium server install dir, or a URL to compressed file, or a special app name. cause: Error: Using local app, but didn't end in .zip, .ipa or .apk) (WARNING: The server did not provide any stacktrace information)
Command duration or timeout: 100 milliseconds
Build info: version: '2.51.0', revision: '1af067dbcaedd7d2ab9af5151fc471d363d97193', time: '2016-02-05 11:20:57'
System info: host: 'ravis-MacBook-Pro.local', ip: '172.16.0.3', os.name: 'Mac OS X', os.arch: 'x86_64', os.version: '10.11', java.version: '1.8.0_60'
Driver info: io.appium.java_client.android.AndroidDriver]]>
            </message>
            <full-stacktrace>
              <![CDATA[org.openqa.selenium.SessionNotCreatedException: A new session could not be created. (Original error: Bad app: /Users/monocept/Documents/workspace_luna/com.twc.androidLogcat/APKFile1/Show. App paths need to be absolute, or relative to the appium server install dir, or a URL to compressed file, or a special app name. cause: Error: Using local app, but didn't end in .zip, .ipa or .apk) (WARNING: The server did not provide any stacktrace information)
Command duration or timeout: 100 milliseconds
Build info: version: '2.51.0', revision: '1af067dbcaedd7d2ab9af5151fc471d363d97193', time: '2016-02-05 11:20:57'
System info: host: 'ravis-MacBook-Pro.local', ip: '172.16.0.3', os.name: 'Mac OS X', os.arch: 'x86_64', os.version: '10.11', java.version: '1.8.0_60'
Driver info: io.appium.java_client.android.AndroidDriver
	at sun.reflect.NativeConstructorAccessorImpl.newInstance0(Native Method)
	at sun.reflect.NativeConstructorAccessorImpl.newInstance(NativeConstructorAccessorImpl.java:62)
	at sun.reflect.DelegatingConstructorAccessorImpl.newInstance(DelegatingConstructorAccessorImpl.java:45)
	at java.lang.reflect.Constructor.newInstance(Constructor.java:422)
	at org.openqa.selenium.remote.ErrorHandler.createThrowable(ErrorHandler.java:206)
	at org.openqa.selenium.remote.ErrorHandler.throwIfResponseFailed(ErrorHandler.java:158)
	at org.openqa.selenium.remote.RemoteWebDriver.execute(RemoteWebDriver.java:678)
	at io.appium.java_client.DefaultGenericMobileDriver.execute(DefaultGenericMobileDriver.java:42)
	at io.appium.java_client.AppiumDriver.execute(AppiumDriver.java:1)
	at io.appium.java_client.android.AndroidDriver.execute(AndroidDriver.java:1)
	at org.openqa.selenium.remote.RemoteWebDriver.startSession(RemoteWebDriver.java:249)
	at org.openqa.selenium.remote.RemoteWebDriver.<init>(RemoteWebDriver.java:131)
	at org.openqa.selenium.remote.RemoteWebDriver.<init>(RemoteWebDriver.java:144)
	at io.appium.java_client.DefaultGenericMobileDriver.<init>(DefaultGenericMobileDriver.java:37)
	at io.appium.java_client.AppiumDriver.<init>(AppiumDriver.java:160)
	at io.appium.java_client.AppiumDriver.<init>(AppiumDriver.java:168)
	at io.appium.java_client.android.AndroidDriver.<init>(AndroidDriver.java:69)
	at com.twc.AppiumAutoStart.Capabilities_android.dcap(Capabilities_android.java:82)
	at com.twc.AD_TestSuite.Smoke_Test.Capabilities_Launch(Smoke_Test.java:272)
	at sun.reflect.NativeMethodAccessorImpl.invoke0(Native Method)
	at sun.reflect.NativeMethodAccessorImpl.invoke(NativeMethodAccessorImpl.java:62)
	at sun.reflect.DelegatingMethodAccessorImpl.invoke(DelegatingMethodAccessorImpl.java:43)
	at java.lang.reflect.Method.invoke(Method.java:497)
	at org.testng.internal.MethodInvocationHelper.invokeMethod(MethodInvocationHelper.java:85)
	at org.testng.internal.Invoker.invokeConfigurationMethod(Invoker.java:517)
	at org.testng.internal.Invoker.invokeConfigurations(Invoker.java:213)
	at org.testng.internal.Invoker.invokeConfigurations(Invoker.java:140)
	at org.testng.TestRunner.beforeRun(TestRunner.java:645)
	at org.testng.TestRunner.run(TestRunner.java:613)
	at org.testng.SuiteRunner.runTest(SuiteRunner.java:357)
	at org.testng.SuiteRunner.runSequentially(SuiteRunner.java:352)
	at org.testng.SuiteRunner.privateRun(SuiteRunner.java:310)
	at org.testng.SuiteRunner.run(SuiteRunner.java:259)
	at org.testng.SuiteRunnerWorker.runSuite(SuiteRunnerWorker.java:52)
	at org.testng.SuiteRunnerWorker.run(SuiteRunnerWorker.java:86)
	at org.testng.TestNG.runSuitesSequentially(TestNG.java:1199)
	at org.testng.TestNG.runSuitesLocally(TestNG.java:1124)
	at org.testng.TestNG.run(TestNG.java:1032)
	at org.apache.maven.surefire.testng.TestNGExecutor.run(TestNGExecutor.java:73)
	at org.apache.maven.surefire.testng.TestNGXmlTestSuite.execute(TestNGXmlTestSuite.java:94)
	at org.apache.maven.surefire.Surefire.run(Surefire.java:169)
	at sun.reflect.NativeMethodAccessorImpl.invoke0(Native Method)
	at sun.reflect.NativeMethodAccessorImpl.invoke(NativeMethodAccessorImpl.java:62)
	at sun.reflect.DelegatingMethodAccessorImpl.invoke(DelegatingMethodAccessorImpl.java:43)
	at java.lang.reflect.Method.invoke(Method.java:497)
	at org.apache.maven.surefire.booter.SurefireBooter.runSuitesInProcess(SurefireBooter.java:350)
	at org.apache.maven.surefire.booter.SurefireBooter.main(SurefireBooter.java:1021)
]]>
            </full-stacktrace>
          </exception> <!-- org.openqa.selenium.SessionNotCreatedException -->
          <reporter-output>
          </reporter-output>
        </test-method> <!-- Capabilities_Launch -->
        <test-method status="SKIP" signature="getBuildVersion()[pri:0, instance:com.twc.AD_TestSuite.Smoke_Test@5ebec15]" name="getBuildVersion" is-config="true" duration-ms="0" started-at="2016-02-22T22:30:19Z" finished-at="2016-02-22T22:30:19Z">
          <reporter-output>
          </reporter-output>
        </test-method> <!-- getBuildVersion -->
        <test-method status="SKIP" signature="AD_C333179_Verify_AdCall_On_PulltoRefresh()[pri:0, instance:com.twc.AD_TestSuite.Smoke_Test@5ebec15]" name="AD_C333179_Verify_AdCall_On_PulltoRefresh" duration-ms="9" started-at="2016-02-22T22:30:19Z" finished-at="2016-02-22T22:30:19Z">
          <reporter-output>
          </reporter-output>
        </test-method> <!-- AD_C333179_Verify_AdCall_On_PulltoRefresh -->
        <test-method status="SKIP" signature="AD_C333174_FactualCall_On_FreshLaunch_RE()[pri:0, instance:com.twc.AD_TestSuite.Smoke_Test@5ebec15]" name="AD_C333174_FactualCall_On_FreshLaunch_RE" duration-ms="0" started-at="2016-02-22T22:30:19Z" finished-at="2016-02-22T22:30:19Z">
          <reporter-output>
          </reporter-output>
        </test-method> <!-- AD_C333174_FactualCall_On_FreshLaunch_RE -->
        <test-method status="SKIP" signature="AD_C333173_Verify_WeatherFX_ApiCall_On_FreshLaunch_RE()[pri:0, instance:com.twc.AD_TestSuite.Smoke_Test@5ebec15]" name="AD_C333173_Verify_WeatherFX_ApiCall_On_FreshLaunch_RE" duration-ms="1" started-at="2016-02-22T22:30:19Z" finished-at="2016-02-22T22:30:19Z">
          <reporter-output>
          </reporter-output>
        </test-method> <!-- AD_C333173_Verify_WeatherFX_ApiCall_On_FreshLaunch_RE -->
        <test-method status="SKIP" signature="AD_C333182_LotameAdTargeting_On_AppLaunch()[pri:0, instance:com.twc.AD_TestSuite.Smoke_Test@5ebec15]" name="AD_C333182_LotameAdTargeting_On_AppLaunch" duration-ms="1" started-at="2016-02-22T22:30:19Z" finished-at="2016-02-22T22:30:19Z">
          <reporter-output>
          </reporter-output>
        </test-method> <!-- AD_C333182_LotameAdTargeting_On_AppLaunch -->
        <test-method status="SKIP" signature="AD_C333175_Verify_Ad_Present_On_HourlyExtended_page()[pri:0, instance:com.twc.AD_TestSuite.Smoke_Test@5ebec15]" name="AD_C333175_Verify_Ad_Present_On_HourlyExtended_page" duration-ms="1" started-at="2016-02-22T22:30:19Z" finished-at="2016-02-22T22:30:19Z">
          <reporter-output>
          </reporter-output>
        </test-method> <!-- AD_C333175_Verify_Ad_Present_On_HourlyExtended_page -->
        <test-method status="SKIP" signature="AD_C333180_Verify_Ad_Present_On_DailyExtended_page()[pri:0, instance:com.twc.AD_TestSuite.Smoke_Test@5ebec15]" name="AD_C333180_Verify_Ad_Present_On_DailyExtended_page" duration-ms="1" started-at="2016-02-22T22:30:19Z" finished-at="2016-02-22T22:30:19Z">
          <reporter-output>
          </reporter-output>
        </test-method> <!-- AD_C333180_Verify_Ad_Present_On_DailyExtended_page -->
        <test-method status="SKIP" signature="AD_C333176_Verify_Ad_Present_On_MapsExtended_page()[pri:0, instance:com.twc.AD_TestSuite.Smoke_Test@5ebec15]" name="AD_C333176_Verify_Ad_Present_On_MapsExtended_page" duration-ms="0" started-at="2016-02-22T22:30:19Z" finished-at="2016-02-22T22:30:19Z">
          <reporter-output>
          </reporter-output>
        </test-method> <!-- AD_C333176_Verify_Ad_Present_On_MapsExtended_page -->
        <test-method status="SKIP" signature="AD_C333177_Verify_Ad_Present_On_NewsExtended_page()[pri:0, instance:com.twc.AD_TestSuite.Smoke_Test@5ebec15]" name="AD_C333177_Verify_Ad_Present_On_NewsExtended_page" duration-ms="0" started-at="2016-02-22T22:30:19Z" finished-at="2016-02-22T22:30:19Z">
          <reporter-output>
          </reporter-output>
        </test-method> <!-- AD_C333177_Verify_Ad_Present_On_NewsExtended_page -->
        <test-method status="SKIP" signature="AD_C333172_Verify_AdCalls_On_CleanLaunch()[pri:0, instance:com.twc.AD_TestSuite.Smoke_Test@5ebec15]" name="AD_C333172_Verify_AdCalls_On_CleanLaunch" duration-ms="0" started-at="2016-02-22T22:30:19Z" finished-at="2016-02-22T22:30:19Z">
          <reporter-output>
          </reporter-output>
        </test-method> <!-- AD_C333172_Verify_AdCalls_On_CleanLaunch -->
        <test-method status="SKIP" signature="movefiles()[pri:0, instance:com.twc.AD_TestSuite.Smoke_Test@5ebec15]" name="movefiles" is-config="true" duration-ms="0" started-at="2016-02-22T22:30:19Z" finished-at="2016-02-22T22:30:19Z">
          <reporter-output>
          </reporter-output>
        </test-method> <!-- movefiles -->
      </class> <!-- com.twc.AD_TestSuite.Smoke_Test -->
    </test> <!-- Android_SmokeTest -->
  </suite> <!-- TWC_Android_SmokeTest_Suite -->
</testng-results>
