<?xml version="1.0" encoding="UTF-8"?>
<!-- Generated by org.testng.reporters.JUnitXMLReporter -->
<testsuite hostname="ravis-MacBook-Pro.local" name="Default test" tests="9" failures="0" timestamp="22 Feb 2016 07:43:28 GMT" time="487.565" errors="0">
  <testcase name="AD_C333179_Verify_AdCall_On_PulltoRefresh" time="6.193" classname="com.twc.AD_TestSuite.Smoke_Test"/>
  <testcase name="AD_C333174_FactualCall_On_FreshLaunch_RE" time="13.148" classname="com.twc.AD_TestSuite.Smoke_Test"/>
  <testcase name="AD_C333173_Verify_WeatherFX_ApiCall_On_FreshLaunch_RE" time="11.622" classname="com.twc.AD_TestSuite.Smoke_Test"/>
  <testcase name="AD_C333182_LotameAdTargeting_On_AppLaunch" time="17.005" classname="com.twc.AD_TestSuite.Smoke_Test"/>
  <testcase name="AD_C333175_Verify_Ad_Present_On_HourlyExtended_page" time="7.59" classname="com.twc.AD_TestSuite.Smoke_Test"/>
  <testcase name="AD_C333180_Verify_Ad_Present_On_DailyExtended_page" time="12.255" classname="com.twc.AD_TestSuite.Smoke_Test"/>
  <testcase name="AD_C333176_Verify_Ad_Present_On_MapsExtended_page" time="18.308" classname="com.twc.AD_TestSuite.Smoke_Test"/>
  <testcase name="AD_C333177_Verify_Ad_Present_On_NewsExtended_page" time="8.789" classname="com.twc.AD_TestSuite.Smoke_Test"/>
  <testcase name="AD_C333172_Verify_AdCalls_On_CleanLaunch" time="22.053" classname="com.twc.AD_TestSuite.Smoke_Test"/>
</testsuite> <!-- Default test -->
